<?xml version="1.0" encoding="utf-8"?><testsuites name="pytest tests"><testsuite name="pytest" errors="0" failures="0" skipped="0" tests="12" time="3.037" timestamp="2026-06-25T17:23:29.474323+00:00" hostname="agent-env-2f1a6841-e79c-486a-be4c-4558ef5efd43"><testcase classname="backend.tests.test_flashclean_api.TestAuthDemoUser" name="test_login_demo_user" time="0.392" /><testcase classname="backend.tests.test_flashclean_api.TestAuthDemoUser" name="test_me_with_bearer" time="0.098" /><testcase classname="backend.tests.test_flashclean_api.TestAuthDemoUser" name="test_me_without_token_401" time="0.102" /><testcase classname="backend.tests.test_flashclean_api.TestAuthDemoUser" name="test_login_wrong_password" time="0.366" /><testcase classname="backend.tests.test_flashclean_api.TestAuthRegister" name="test_register_returns_token_and_user" time="0.313" /><testcase classname="backend.tests.test_flashclean_api.TestAuthRegister" name="test_register_duplicate_409" time="0.108" /><testcase classname="backend.tests.test_flashclean_api.TestAuthRegister" name="test_login_new_user" time="0.331" /><testcase classname="backend.tests.test_flashclean_api.TestAuthRegister" name="test_me_persists" time="0.099" /><testcase classname="backend.tests.test_flashclean_api.TestGoogleSessionInvalid" name="test_invalid_google_session_returns_401" time="0.286" /><testcase classname="backend.tests.test_flashclean_api.TestBookings" name="test_create_requires_auth" time="0.105" /><testcase classname="backend.tests.test_flashclean_api.TestBookings" name="test_create_and_list_booking" time="0.171" /><testcase classname="backend.tests.test_flashclean_api.TestLogout" name="test_logout_revokes_session" time="0.640" /></testsuite></testsuites>